config_dir                    : ./configs/args1.json
batch_size                    : 400
learning_rate                 : 0.1
epochs                        : 100
test_freq                     : 10
save_freq                     : 2
inner_loss_rate               : 0
num_workers                   : 16
embed_dim                     : 512
vision_width                  : 768
image_resolution_mag          : 224
vision_layers_mag             : 12
vision_patch_size_mag         : 32
image_resolution_H            : 224
vision_layers_H               : 12
vision_patch_size_H           : 32
token_type                    : all embedding
modal_list                    : ['magnet', '0094']
enhance_list                  : [['None', 1], ['None', 1]]
image_preprocess              : [224, 0.5, 90]
device                        : cuda:0
checkpoint_path               : /mnt/nas/home/huxing/202407/ctf/SolarCLIP/checkpoints/
args saved to /mnt/nas/home/huxing/202407/ctf/SolarCLIP/checkpoints/all embedding/magnet_None_1_0094_None_1_/args.json
device: cuda:0
 magnet has 72889 samples
 0094 has 120206 samples
All modal has 50487 samples
 magnet has 72889 samples
 0094 has 120206 samples
All modal has 19931 samples
DataLoader time: 0.00 min
Start training
Iteration 0 | Data time: 3.49 min | Forward time: 0.05 min | Backward time: 0.03 min |
mean: 0.0
Iteration 1 | Data time: 0.00 min | Forward time: 0.01 min | Backward time: 0.00 min |
mean: 0.0024999999441206455
Iteration 2 | Data time: 0.04 min | Forward time: 0.01 min | Backward time: 0.00 min |
mean: 0.0024999999441206455
Iteration 3 | Data time: 0.02 min | Forward time: 0.01 min | Backward time: 0.00 min |
mean: 0.0018749999580904841
Iteration 4 | Data time: 0.02 min | Forward time: 0.01 min | Backward time: 0.00 min |
mean: 0.0019999999552965165
Iteration 5 | Data time: 0.02 min | Forward time: 0.01 min | Backward time: 0.00 min |
mean: 0.0016666666294137638
Iteration 6 | Data time: 0.02 min | Forward time: 0.01 min | Backward time: 0.01 min |
mean: 0.0021428570949605535
